<?xml version="1.0" encoding="UTF-8"?>
<testng-results ignored="0" total="1" passed="1" failed="0" skipped="0">
  <reporter-output>
  </reporter-output>
  <suite started-at="2022-10-29T17:37:09 IST" name="Surefire suite" finished-at="2022-10-29T17:37:09 IST" duration-ms="50">
    <groups>
    </groups>
    <test started-at="2022-10-29T17:37:09 IST" name="Surefire test" finished-at="2022-10-29T17:37:09 IST" duration-ms="50">
      <class name="JavaSeleniumFrameWork.FrameWorkDesign.AppTest">
        <test-method signature="shouldAnswerWithTrue()" started-at="2022-10-29T17:37:09 IST" name="shouldAnswerWithTrue" finished-at="2022-10-29T17:37:09 IST" duration-ms="4" status="PASS">
          <reporter-output>
          </reporter-output>
        </test-method> <!-- shouldAnswerWithTrue -->
      </class> <!-- JavaSeleniumFrameWork.FrameWorkDesign.AppTest -->
    </test> <!-- Surefire test -->
  </suite> <!-- Surefire suite -->
</testng-results>
