<?xml version="1.0" encoding="UTF-8"?>
<!-- Generated by org.testng.reporters.JUnitXMLReporter -->
<testsuite ignored="0" hostname="DESKTOP-FT7N2ON" failures="0" tests="2" name="ErrorValidation" time="10.771" errors="0" timestamp="2022-11-08T16:57:35 IST">
  <testcase classname="JavaSeleniumFrameWork.FrameWorkDesign.ErrorValidation" name="ProductErrorValidation" time="3.598"/>
  <testcase classname="JavaSeleniumFrameWork.FrameWorkDesign.ErrorValidation" name="validateErrorMsg" time="0.685"/>
</testsuite> <!-- ErrorValidation -->
