<?xml version="1.0" encoding="UTF-8"?>
<!-- Generated by org.testng.reporters.JUnitXMLReporter -->
<testsuite ignored="0" hostname="DESKTOP-FT7N2ON" failures="0" tests="3" name="Submit Order Test" time="27.816" errors="0" timestamp="2022-11-08T16:57:24 IST">
  <testcase classname="JavaSeleniumFrameWork.FrameWorkDesign.SubmitOrderTest" name="submitOrder" time="6.49"/>
  <testcase classname="JavaSeleniumFrameWork.FrameWorkDesign.SubmitOrderTest" name="submitOrder" time="5.917"/>
  <testcase classname="JavaSeleniumFrameWork.FrameWorkDesign.SubmitOrderTest" name="orderconfirmation" time="0.905"/>
</testsuite> <!-- Submit Order Test -->
