<?xml version="1.0" encoding="UTF-8"?>
<!-- Generated by org.testng.reporters.JUnitXMLReporter -->
<testsuite ignored="0" hostname="DESKTOP-FT7N2ON" failures="0" tests="3" name="Surefire test" time="30.277" errors="0" timestamp="2022-10-29T17:37:09 IST">
  <testcase classname="JavaSeleniumFrameWork.FrameWorkDesign.SubmitOrderTest" name="submitOrder" time="6.303"/>
  <testcase classname="JavaSeleniumFrameWork.FrameWorkDesign.SubmitOrderTest" name="submitOrder" time="6.28"/>
  <testcase classname="JavaSeleniumFrameWork.FrameWorkDesign.SubmitOrderTest" name="orderconfirmation" time="0.627"/>
</testsuite> <!-- Surefire test -->
