<?xml version="1.0" encoding="UTF-8"?>
<testng-results ignored="0" total="3" passed="3" failed="0" skipped="0">
  <reporter-output>
  </reporter-output>
  <suite started-at="2022-10-29T17:36:39 IST" name="Surefire suite" finished-at="2022-10-29T17:37:09 IST" duration-ms="30277">
    <groups>
      <group name="purchase">
        <method signature="SubmitOrderTest.submitOrder(java.util.HashMap)[pri:0, instance:JavaSeleniumFrameWork.FrameWorkDesign.SubmitOrderTest@21129f1f]" name="submitOrder" class="JavaSeleniumFrameWork.FrameWorkDesign.SubmitOrderTest"/>
        <method signature="SubmitOrderTest.orderconfirmation()[pri:0, instance:JavaSeleniumFrameWork.FrameWorkDesign.SubmitOrderTest@21129f1f]" name="orderconfirmation" class="JavaSeleniumFrameWork.FrameWorkDesign.SubmitOrderTest"/>
      </group> <!-- purchase -->
    </groups>
    <test started-at="2022-10-29T17:36:39 IST" name="Surefire test" finished-at="2022-10-29T17:37:09 IST" duration-ms="30277">
      <class name="JavaSeleniumFrameWork.FrameWorkDesign.SubmitOrderTest">
        <test-method is-config="true" signature="LauchApplication()[pri:0, instance:JavaSeleniumFrameWork.FrameWorkDesign.SubmitOrderTest@21129f1f]" started-at="2022-10-29T17:36:39 IST" name="LauchApplication" finished-at="2022-10-29T17:36:46 IST" duration-ms="7421" status="PASS">
          <reporter-output>
          </reporter-output>
        </test-method> <!-- LauchApplication -->
        <test-method signature="submitOrder(java.util.HashMap)[pri:0, instance:JavaSeleniumFrameWork.FrameWorkDesign.SubmitOrderTest@21129f1f]" started-at="2022-10-29T17:36:46 IST" name="submitOrder" data-provider="testdata1" finished-at="2022-10-29T17:36:53 IST" duration-ms="6303" status="PASS">
          <params>
            <param index="0">
              <value>
                <![CDATA[{Selectproduct=Zara coat 3, email=Selenium123@gmail.com, Password=Selenium@123}]]>
              </value>
            </param>
          </params>
          <reporter-output>
          </reporter-output>
        </test-method> <!-- submitOrder -->
        <test-method is-config="true" signature="closingApplication()[pri:0, instance:JavaSeleniumFrameWork.FrameWorkDesign.SubmitOrderTest@21129f1f]" started-at="2022-10-29T17:36:53 IST" name="closingApplication" finished-at="2022-10-29T17:36:53 IST" duration-ms="633" status="PASS">
          <reporter-output>
          </reporter-output>
        </test-method> <!-- closingApplication -->
        <test-method is-config="true" signature="LauchApplication()[pri:0, instance:JavaSeleniumFrameWork.FrameWorkDesign.SubmitOrderTest@21129f1f]" started-at="2022-10-29T17:36:53 IST" name="LauchApplication" finished-at="2022-10-29T17:36:57 IST" duration-ms="3787" status="PASS">
          <reporter-output>
          </reporter-output>
        </test-method> <!-- LauchApplication -->
        <test-method signature="submitOrder(java.util.HashMap)[pri:0, instance:JavaSeleniumFrameWork.FrameWorkDesign.SubmitOrderTest@21129f1f]" started-at="2022-10-29T17:36:57 IST" name="submitOrder" data-provider="testdata1" finished-at="2022-10-29T17:37:03 IST" duration-ms="6280" status="PASS">
          <params>
            <param index="0">
              <value>
                <![CDATA[{Selectproduct=adidas original, email=Selenium1234@gmail.com, Password=Selenium@1234}]]>
              </value>
            </param>
          </params>
          <reporter-output>
          </reporter-output>
        </test-method> <!-- submitOrder -->
        <test-method is-config="true" signature="closingApplication()[pri:0, instance:JavaSeleniumFrameWork.FrameWorkDesign.SubmitOrderTest@21129f1f]" started-at="2022-10-29T17:37:03 IST" name="closingApplication" finished-at="2022-10-29T17:37:04 IST" duration-ms="664" status="PASS">
          <reporter-output>
          </reporter-output>
        </test-method> <!-- closingApplication -->
        <test-method is-config="true" signature="LauchApplication()[pri:0, instance:JavaSeleniumFrameWork.FrameWorkDesign.SubmitOrderTest@21129f1f]" started-at="2022-10-29T17:37:04 IST" name="LauchApplication" finished-at="2022-10-29T17:37:08 IST" duration-ms="3596" status="PASS">
          <reporter-output>
          </reporter-output>
        </test-method> <!-- LauchApplication -->
        <test-method signature="orderconfirmation()[pri:0, instance:JavaSeleniumFrameWork.FrameWorkDesign.SubmitOrderTest@21129f1f]" started-at="2022-10-29T17:37:08 IST" name="orderconfirmation" finished-at="2022-10-29T17:37:08 IST" depends-on-methods="JavaSeleniumFrameWork.FrameWorkDesign.SubmitOrderTest.submitOrder" duration-ms="627" status="PASS">
          <reporter-output>
          </reporter-output>
        </test-method> <!-- orderconfirmation -->
        <test-method is-config="true" signature="closingApplication()[pri:0, instance:JavaSeleniumFrameWork.FrameWorkDesign.SubmitOrderTest@21129f1f]" started-at="2022-10-29T17:37:08 IST" name="closingApplication" finished-at="2022-10-29T17:37:09 IST" duration-ms="607" status="PASS">
          <reporter-output>
          </reporter-output>
        </test-method> <!-- closingApplication -->
      </class> <!-- JavaSeleniumFrameWork.FrameWorkDesign.SubmitOrderTest -->
    </test> <!-- Surefire test -->
  </suite> <!-- Surefire suite -->
</testng-results>
