<?xml version="1.0" encoding="UTF-8"?>
<!-- Generated by org.testng.reporters.JUnitXMLReporter -->
<testsuite ignored="0" hostname="DESKTOP-FT7N2ON" failures="0" tests="2" name="ErrorValidation" time="25.262" errors="0" timestamp="2022-12-08T16:26:20 IST">
  <testcase classname="JavaSeleniumFrameWork.FrameWorkDesign.ErrorValidation" name="ProductErrorValidation" time="4.342"/>
  <testcase classname="JavaSeleniumFrameWork.FrameWorkDesign.ErrorValidation" name="validateErrorMsg" time="0.704"/>
</testsuite> <!-- ErrorValidation -->
