<?xml version="1.0" encoding="UTF-8"?>
<testng-results ignored="0" total="5" passed="5" failed="0" skipped="0">
  <reporter-output>
  </reporter-output>
  <suite started-at="2022-12-08T16:25:54 IST" name="Suite" finished-at="2022-12-08T16:27:02 IST" duration-ms="68245">
    <groups>
      <group name="ErrorHandling">
        <method signature="ErrorValidation.ProductErrorValidation()[pri:0, instance:JavaSeleniumFrameWork.FrameWorkDesign.ErrorValidation@5a5a729f]" name="ProductErrorValidation" class="JavaSeleniumFrameWork.FrameWorkDesign.ErrorValidation"/>
        <method signature="ErrorValidation.validateErrorMsg()[pri:0, instance:JavaSeleniumFrameWork.FrameWorkDesign.ErrorValidation@5a5a729f]" name="validateErrorMsg" class="JavaSeleniumFrameWork.FrameWorkDesign.ErrorValidation"/>
      </group> <!-- ErrorHandling -->
      <group name="purchase">
        <method signature="SubmitOrderTest.submitOrder(java.util.HashMap)[pri:0, instance:JavaSeleniumFrameWork.FrameWorkDesign.SubmitOrderTest@73eb439a]" name="submitOrder" class="JavaSeleniumFrameWork.FrameWorkDesign.SubmitOrderTest"/>
        <method signature="SubmitOrderTest.orderconfirmation()[pri:0, instance:JavaSeleniumFrameWork.FrameWorkDesign.SubmitOrderTest@73eb439a]" name="orderconfirmation" class="JavaSeleniumFrameWork.FrameWorkDesign.SubmitOrderTest"/>
      </group> <!-- purchase -->
    </groups>
    <test started-at="2022-12-08T16:25:54 IST" name="ErrorValidation" finished-at="2022-12-08T16:26:19 IST" duration-ms="25262">
      <class name="JavaSeleniumFrameWork.FrameWorkDesign.ErrorValidation">
        <test-method is-config="true" signature="LauchApplication()[pri:0, instance:JavaSeleniumFrameWork.FrameWorkDesign.ErrorValidation@5a5a729f]" started-at="2022-12-08T16:25:54 IST" name="LauchApplication" finished-at="2022-12-08T16:26:10 IST" duration-ms="16101" status="PASS">
          <reporter-output>
          </reporter-output>
        </test-method> <!-- LauchApplication -->
        <test-method signature="ProductErrorValidation()[pri:0, instance:JavaSeleniumFrameWork.FrameWorkDesign.ErrorValidation@5a5a729f]" started-at="2022-12-08T16:26:10 IST" name="ProductErrorValidation" finished-at="2022-12-08T16:26:14 IST" duration-ms="4342" status="PASS">
          <reporter-output>
          </reporter-output>
        </test-method> <!-- ProductErrorValidation -->
        <test-method is-config="true" signature="closingApplication()[pri:0, instance:JavaSeleniumFrameWork.FrameWorkDesign.ErrorValidation@5a5a729f]" started-at="2022-12-08T16:26:14 IST" name="closingApplication" finished-at="2022-12-08T16:26:15 IST" duration-ms="309" status="PASS">
          <reporter-output>
          </reporter-output>
        </test-method> <!-- closingApplication -->
        <test-method is-config="true" signature="LauchApplication()[pri:0, instance:JavaSeleniumFrameWork.FrameWorkDesign.ErrorValidation@5a5a729f]" started-at="2022-12-08T16:26:15 IST" name="LauchApplication" finished-at="2022-12-08T16:26:18 IST" duration-ms="3626" status="PASS">
          <reporter-output>
          </reporter-output>
        </test-method> <!-- LauchApplication -->
        <test-method signature="validateErrorMsg()[pri:0, instance:JavaSeleniumFrameWork.FrameWorkDesign.ErrorValidation@5a5a729f]" started-at="2022-12-08T16:26:18 IST" name="validateErrorMsg" finished-at="2022-12-08T16:26:19 IST" duration-ms="704" status="PASS">
          <reporter-output>
          </reporter-output>
        </test-method> <!-- validateErrorMsg -->
        <test-method is-config="true" signature="closingApplication()[pri:0, instance:JavaSeleniumFrameWork.FrameWorkDesign.ErrorValidation@5a5a729f]" started-at="2022-12-08T16:26:19 IST" name="closingApplication" finished-at="2022-12-08T16:26:19 IST" duration-ms="68" status="PASS">
          <reporter-output>
          </reporter-output>
        </test-method> <!-- closingApplication -->
      </class> <!-- JavaSeleniumFrameWork.FrameWorkDesign.ErrorValidation -->
    </test> <!-- ErrorValidation -->
    <test started-at="2022-12-08T16:25:54 IST" name="Submit Order Test" finished-at="2022-12-08T16:27:02 IST" duration-ms="68245">
      <class name="JavaSeleniumFrameWork.FrameWorkDesign.SubmitOrderTest">
        <test-method is-config="true" signature="LauchApplication()[pri:0, instance:JavaSeleniumFrameWork.FrameWorkDesign.SubmitOrderTest@73eb439a]" started-at="2022-12-08T16:25:54 IST" name="LauchApplication" finished-at="2022-12-08T16:26:10 IST" duration-ms="15970" status="PASS">
          <reporter-output>
          </reporter-output>
        </test-method> <!-- LauchApplication -->
        <test-method signature="submitOrder(java.util.HashMap)[pri:0, instance:JavaSeleniumFrameWork.FrameWorkDesign.SubmitOrderTest@73eb439a]" started-at="2022-12-08T16:26:10 IST" name="submitOrder" data-provider="testdata1" finished-at="2022-12-08T16:26:18 IST" duration-ms="7470" status="PASS">
          <params>
            <param index="0">
              <value>
                <![CDATA[{Selectproduct=Zara coat 3, email=Selenium123@gmail.com, Password=Selenium@123}]]>
              </value>
            </param>
          </params>
          <reporter-output>
          </reporter-output>
        </test-method> <!-- submitOrder -->
        <test-method is-config="true" signature="closingApplication()[pri:0, instance:JavaSeleniumFrameWork.FrameWorkDesign.SubmitOrderTest@73eb439a]" started-at="2022-12-08T16:26:18 IST" name="closingApplication" finished-at="2022-12-08T16:26:18 IST" duration-ms="95" status="PASS">
          <reporter-output>
          </reporter-output>
        </test-method> <!-- closingApplication -->
        <test-method is-config="true" signature="LauchApplication()[pri:0, instance:JavaSeleniumFrameWork.FrameWorkDesign.SubmitOrderTest@73eb439a]" started-at="2022-12-08T16:26:18 IST" name="LauchApplication" finished-at="2022-12-08T16:26:21 IST" duration-ms="3309" status="PASS">
          <reporter-output>
          </reporter-output>
        </test-method> <!-- LauchApplication -->
        <test-method signature="submitOrder(java.util.HashMap)[pri:0, instance:JavaSeleniumFrameWork.FrameWorkDesign.SubmitOrderTest@73eb439a]" started-at="2022-12-08T16:26:21 IST" name="submitOrder" data-provider="testdata1" finished-at="2022-12-08T16:26:27 IST" duration-ms="5900" status="PASS">
          <params>
            <param index="0">
              <value>
                <![CDATA[{Selectproduct=adidas original, email=Selenium1234@gmail.com, Password=Selenium@1234}]]>
              </value>
            </param>
          </params>
          <reporter-output>
          </reporter-output>
        </test-method> <!-- submitOrder -->
        <test-method is-config="true" signature="closingApplication()[pri:0, instance:JavaSeleniumFrameWork.FrameWorkDesign.SubmitOrderTest@73eb439a]" started-at="2022-12-08T16:26:27 IST" name="closingApplication" finished-at="2022-12-08T16:26:43 IST" duration-ms="16198" status="PASS">
          <reporter-output>
          </reporter-output>
        </test-method> <!-- closingApplication -->
        <test-method is-config="true" signature="LauchApplication()[pri:0, instance:JavaSeleniumFrameWork.FrameWorkDesign.SubmitOrderTest@73eb439a]" started-at="2022-12-08T16:26:43 IST" name="LauchApplication" finished-at="2022-12-08T16:26:45 IST" duration-ms="2033" status="PASS">
          <reporter-output>
          </reporter-output>
        </test-method> <!-- LauchApplication -->
        <test-method signature="orderconfirmation()[pri:0, instance:JavaSeleniumFrameWork.FrameWorkDesign.SubmitOrderTest@73eb439a]" started-at="2022-12-08T16:26:45 IST" name="orderconfirmation" finished-at="2022-12-08T16:26:46 IST" depends-on-methods="JavaSeleniumFrameWork.FrameWorkDesign.SubmitOrderTest.submitOrder" duration-ms="584" status="PASS">
          <reporter-output>
          </reporter-output>
        </test-method> <!-- orderconfirmation -->
        <test-method is-config="true" signature="closingApplication()[pri:0, instance:JavaSeleniumFrameWork.FrameWorkDesign.SubmitOrderTest@73eb439a]" started-at="2022-12-08T16:26:46 IST" name="closingApplication" finished-at="2022-12-08T16:27:02 IST" duration-ms="16219" status="PASS">
          <reporter-output>
          </reporter-output>
        </test-method> <!-- closingApplication -->
      </class> <!-- JavaSeleniumFrameWork.FrameWorkDesign.SubmitOrderTest -->
    </test> <!-- Submit Order Test -->
  </suite> <!-- Suite -->
</testng-results>
