<?xml version="1.0" encoding="UTF-8"?>
<testng-results ignored="0" total="5" passed="5" failed="0" skipped="0">
  <reporter-output>
  </reporter-output>
  <suite started-at="2022-11-08T16:56:56 IST" name="Suite" finished-at="2022-11-08T16:57:35 IST" duration-ms="39024">
    <groups>
      <group name="ErrorHandling">
        <method signature="ErrorValidation.ProductErrorValidation()[pri:0, instance:JavaSeleniumFrameWork.FrameWorkDesign.ErrorValidation@48b67364]" name="ProductErrorValidation" class="JavaSeleniumFrameWork.FrameWorkDesign.ErrorValidation"/>
        <method signature="ErrorValidation.validateErrorMsg()[pri:0, instance:JavaSeleniumFrameWork.FrameWorkDesign.ErrorValidation@48b67364]" name="validateErrorMsg" class="JavaSeleniumFrameWork.FrameWorkDesign.ErrorValidation"/>
      </group> <!-- ErrorHandling -->
      <group name="purchase">
        <method signature="SubmitOrderTest.submitOrder(java.util.HashMap)[pri:0, instance:JavaSeleniumFrameWork.FrameWorkDesign.SubmitOrderTest@2eea88a1]" name="submitOrder" class="JavaSeleniumFrameWork.FrameWorkDesign.SubmitOrderTest"/>
        <method signature="SubmitOrderTest.orderconfirmation()[pri:0, instance:JavaSeleniumFrameWork.FrameWorkDesign.SubmitOrderTest@2eea88a1]" name="orderconfirmation" class="JavaSeleniumFrameWork.FrameWorkDesign.SubmitOrderTest"/>
      </group> <!-- purchase -->
    </groups>
    <test started-at="2022-11-08T16:56:56 IST" name="Submit Order Test" finished-at="2022-11-08T16:57:24 IST" duration-ms="27816">
      <class name="JavaSeleniumFrameWork.FrameWorkDesign.SubmitOrderTest">
        <test-method is-config="true" signature="LauchApplication()[pri:0, instance:JavaSeleniumFrameWork.FrameWorkDesign.SubmitOrderTest@2eea88a1]" started-at="2022-11-08T16:56:56 IST" name="LauchApplication" finished-at="2022-11-08T16:57:04 IST" duration-ms="7866" status="PASS">
          <reporter-output>
          </reporter-output>
        </test-method> <!-- LauchApplication -->
        <test-method signature="submitOrder(java.util.HashMap)[pri:0, instance:JavaSeleniumFrameWork.FrameWorkDesign.SubmitOrderTest@2eea88a1]" started-at="2022-11-08T16:57:04 IST" name="submitOrder" data-provider="testdata1" finished-at="2022-11-08T16:57:10 IST" duration-ms="6490" status="PASS">
          <params>
            <param index="0">
              <value>
                <![CDATA[{Selectproduct=Zara coat 3, email=Selenium123@gmail.com, Password=Selenium@123}]]>
              </value>
            </param>
          </params>
          <reporter-output>
          </reporter-output>
        </test-method> <!-- submitOrder -->
        <test-method is-config="true" signature="closingApplication()[pri:0, instance:JavaSeleniumFrameWork.FrameWorkDesign.SubmitOrderTest@2eea88a1]" started-at="2022-11-08T16:57:10 IST" name="closingApplication" finished-at="2022-11-08T16:57:11 IST" duration-ms="111" status="PASS">
          <reporter-output>
          </reporter-output>
        </test-method> <!-- closingApplication -->
        <test-method is-config="true" signature="LauchApplication()[pri:0, instance:JavaSeleniumFrameWork.FrameWorkDesign.SubmitOrderTest@2eea88a1]" started-at="2022-11-08T16:57:11 IST" name="LauchApplication" finished-at="2022-11-08T16:57:12 IST" duration-ms="1655" status="PASS">
          <reporter-output>
          </reporter-output>
        </test-method> <!-- LauchApplication -->
        <test-method signature="submitOrder(java.util.HashMap)[pri:0, instance:JavaSeleniumFrameWork.FrameWorkDesign.SubmitOrderTest@2eea88a1]" started-at="2022-11-08T16:57:12 IST" name="submitOrder" data-provider="testdata1" finished-at="2022-11-08T16:57:18 IST" duration-ms="5917" status="PASS">
          <params>
            <param index="0">
              <value>
                <![CDATA[{Selectproduct=adidas original, email=Selenium1234@gmail.com, Password=Selenium@1234}]]>
              </value>
            </param>
          </params>
          <reporter-output>
          </reporter-output>
        </test-method> <!-- submitOrder -->
        <test-method is-config="true" signature="closingApplication()[pri:0, instance:JavaSeleniumFrameWork.FrameWorkDesign.SubmitOrderTest@2eea88a1]" started-at="2022-11-08T16:57:18 IST" name="closingApplication" finished-at="2022-11-08T16:57:18 IST" duration-ms="93" status="PASS">
          <reporter-output>
          </reporter-output>
        </test-method> <!-- closingApplication -->
        <test-method is-config="true" signature="LauchApplication()[pri:0, instance:JavaSeleniumFrameWork.FrameWorkDesign.SubmitOrderTest@2eea88a1]" started-at="2022-11-08T16:57:18 IST" name="LauchApplication" finished-at="2022-11-08T16:57:23 IST" duration-ms="4385" status="PASS">
          <reporter-output>
          </reporter-output>
        </test-method> <!-- LauchApplication -->
        <test-method signature="orderconfirmation()[pri:0, instance:JavaSeleniumFrameWork.FrameWorkDesign.SubmitOrderTest@2eea88a1]" started-at="2022-11-08T16:57:23 IST" name="orderconfirmation" finished-at="2022-11-08T16:57:24 IST" depends-on-methods="JavaSeleniumFrameWork.FrameWorkDesign.SubmitOrderTest.submitOrder" duration-ms="905" status="PASS">
          <reporter-output>
          </reporter-output>
        </test-method> <!-- orderconfirmation -->
        <test-method is-config="true" signature="closingApplication()[pri:0, instance:JavaSeleniumFrameWork.FrameWorkDesign.SubmitOrderTest@2eea88a1]" started-at="2022-11-08T16:57:24 IST" name="closingApplication" finished-at="2022-11-08T16:57:24 IST" duration-ms="78" status="PASS">
          <reporter-output>
          </reporter-output>
        </test-method> <!-- closingApplication -->
      </class> <!-- JavaSeleniumFrameWork.FrameWorkDesign.SubmitOrderTest -->
    </test> <!-- Submit Order Test -->
    <test started-at="2022-11-08T16:57:24 IST" name="ErrorValidation" finished-at="2022-11-08T16:57:35 IST" duration-ms="10771">
      <class name="JavaSeleniumFrameWork.FrameWorkDesign.ErrorValidation">
        <test-method is-config="true" signature="LauchApplication()[pri:0, instance:JavaSeleniumFrameWork.FrameWorkDesign.ErrorValidation@48b67364]" started-at="2022-11-08T16:57:24 IST" name="LauchApplication" finished-at="2022-11-08T16:57:27 IST" duration-ms="3208" status="PASS">
          <reporter-output>
          </reporter-output>
        </test-method> <!-- LauchApplication -->
        <test-method signature="ProductErrorValidation()[pri:0, instance:JavaSeleniumFrameWork.FrameWorkDesign.ErrorValidation@48b67364]" started-at="2022-11-08T16:57:27 IST" name="ProductErrorValidation" finished-at="2022-11-08T16:57:31 IST" duration-ms="3598" status="PASS">
          <reporter-output>
          </reporter-output>
        </test-method> <!-- ProductErrorValidation -->
        <test-method is-config="true" signature="closingApplication()[pri:0, instance:JavaSeleniumFrameWork.FrameWorkDesign.ErrorValidation@48b67364]" started-at="2022-11-08T16:57:31 IST" name="closingApplication" finished-at="2022-11-08T16:57:31 IST" duration-ms="87" status="PASS">
          <reporter-output>
          </reporter-output>
        </test-method> <!-- closingApplication -->
        <test-method is-config="true" signature="LauchApplication()[pri:0, instance:JavaSeleniumFrameWork.FrameWorkDesign.ErrorValidation@48b67364]" started-at="2022-11-08T16:57:31 IST" name="LauchApplication" finished-at="2022-11-08T16:57:34 IST" duration-ms="3019" status="PASS">
          <reporter-output>
          </reporter-output>
        </test-method> <!-- LauchApplication -->
        <test-method signature="validateErrorMsg()[pri:0, instance:JavaSeleniumFrameWork.FrameWorkDesign.ErrorValidation@48b67364]" started-at="2022-11-08T16:57:34 IST" name="validateErrorMsg" finished-at="2022-11-08T16:57:35 IST" duration-ms="685" status="PASS">
          <reporter-output>
          </reporter-output>
        </test-method> <!-- validateErrorMsg -->
        <test-method is-config="true" signature="closingApplication()[pri:0, instance:JavaSeleniumFrameWork.FrameWorkDesign.ErrorValidation@48b67364]" started-at="2022-11-08T16:57:35 IST" name="closingApplication" finished-at="2022-11-08T16:57:35 IST" duration-ms="163" status="PASS">
          <reporter-output>
          </reporter-output>
        </test-method> <!-- closingApplication -->
      </class> <!-- JavaSeleniumFrameWork.FrameWorkDesign.ErrorValidation -->
    </test> <!-- ErrorValidation -->
  </suite> <!-- Suite -->
</testng-results>
